Build started 10-03-2018 01:50:19.
     1>Project "C:\Users\LOKESH\Documents\Visual Studio 2013\Projects\final\New folder\ChatServer\ChatServer\ChatServer.vcxproj" on node 2 (Build target(s)).
     1>ClCompile:
         C:\Program Files (x86)\Microsoft Visual Studio 12.0\VC\bin\CL.exe /c /ZI /nologo /W3 /WX- /sdl /Od /Oy- /D WIN32 /D _DEBUG /D _CONSOLE /D _LIB /D _UNICODE /D UNICODE /Gm /EHsc /RTC1 /MDd /GS /fp:precise /Zc:wchar_t /Zc:forScope /Fo"Debug\\" /Fd"Debug\vc120.pdb" /Gd /TP /analyze- /errorReport:prompt Database.cpp
         Database.cpp
     1>c:\users\lokesh\documents\visual studio 2013\projects\final\new folder\chatserver\chatserver\database.cpp(8): warning C4018: '<' : signed/unsigned mismatch
     1>c:\users\lokesh\documents\visual studio 2013\projects\final\new folder\chatserver\chatserver\database.cpp(20): warning C4018: '<' : signed/unsigned mismatch
     1>c:\users\lokesh\documents\visual studio 2013\projects\final\new folder\chatserver\chatserver\database.cpp(32): warning C4018: '<' : signed/unsigned mismatch
     1>c:\users\lokesh\documents\visual studio 2013\projects\final\new folder\chatserver\chatserver\database.cpp(66): warning C4018: '<' : signed/unsigned mismatch
     1>c:\users\lokesh\documents\visual studio 2013\projects\final\new folder\chatserver\chatserver\database.cpp(80): warning C4018: '<' : signed/unsigned mismatch
       Link:
         C:\Program Files (x86)\Microsoft Visual Studio 12.0\VC\bin\link.exe /ERRORREPORT:PROMPT /OUT:"C:\Users\LOKESH\Documents\Visual Studio 2013\Projects\final\New folder\ChatServer\Debug\ChatServer.exe" /INCREMENTAL /NOLOGO kernel32.lib user32.lib gdi32.lib winspool.lib comdlg32.lib advapi32.lib shell32.lib ole32.lib oleaut32.lib uuid.lib odbc32.lib odbccp32.lib /MANIFEST /MANIFESTUAC:"level='asInvoker' uiAccess='false'" /manifest:embed /DEBUG /PDB:"C:\Users\LOKESH\Documents\Visual Studio 2013\Projects\final\New folder\ChatServer\Debug\ChatServer.pdb" /SUBSYSTEM:CONSOLE /TLBID:1 /DYNAMICBASE /NXCOMPAT /IMPLIB:"C:\Users\LOKESH\Documents\Visual Studio 2013\Projects\final\New folder\ChatServer\Debug\ChatServer.lib" /MACHINE:X86 Debug\Database.obj
         Debug\Packet.obj
         Debug\PacketManager.obj
         Debug\PacketStructs.obj
         Debug\SendGetMethods.obj
         Debug\Server.obj
         Debug\Source.obj
         ChatServer.vcxproj -> C:\Users\LOKESH\Documents\Visual Studio 2013\Projects\final\New folder\ChatServer\Debug\ChatServer.exe
     1>Done Building Project "C:\Users\LOKESH\Documents\Visual Studio 2013\Projects\final\New folder\ChatServer\ChatServer\ChatServer.vcxproj" (Build target(s)).

Build succeeded.

Time Elapsed 00:00:02.20
